# JRE version: Java(TM) SE Runtime Environment (8.0_161-b12) (build 1.8.0_161-b12)
# Java VM: Java HotSpot(TM) 64-Bit Server VM (25.161-b12 mixed mode bsd-amd64 compressed oops)
Heap:
 PSYoungGen      total 375808K, used 316196K [0x000000076ab00000, 0x0000000789e80000, 0x00000007c0000000)
  eden space 349696K, 90% used [0x000000076ab00000,0x000000077dfc9278,0x0000000780080000)
  from space 26112K, 0% used [0x0000000780080000,0x0000000780080000,0x0000000781a00000)
  to   space 37376K, 0% used [0x0000000787a00000,0x0000000787a00000,0x0000000789e80000)
 ParOldGen       total 261632K, used 54296K [0x00000006c0000000, 0x00000006cff80000, 0x000000076ab00000)
  object space 261632K, 20% used [0x00000006c0000000,0x00000006c3506220,0x00000006cff80000)
 Metaspace       used 58445K, capacity 59219K, committed 59544K, reserved 1099776K
  class space    used 8151K, capacity 8340K, committed 8448K, reserved 1048576K
GC Heap History (10 events):
Event: 5.022 GC heap before
{Heap before GC invocations=8 (full 2):
 PSYoungGen      total 261120K, used 3572K [0x000000076ab00000, 0x0000000785f80000, 0x00000007c0000000)
  eden space 257536K, 0% used [0x000000076ab00000,0x000000076ab00000,0x000000077a680000)
  from space 3584K, 99% used [0x000000077b280000,0x000000077b5fd030,0x000000077b600000)
  to   space 12288K, 0% used [0x000000077a680000,0x000000077a680000,0x000000077b280000)
 ParOldGen       total 95232K, used 16789K [0x00000006c0000000, 0x00000006c5d00000, 0x000000076ab00000)
  object space 95232K, 17% used [0x00000006c0000000,0x00000006c1065760,0x00000006c5d00000)
 Metaspace       used 35101K, capacity 35321K, committed 35496K, reserved 1079296K
  class space    used 4718K, capacity 4808K, committed 4864K, reserved 1048576K
Event: 5.050 GC heap after
Heap after GC invocations=8 (full 2):
 PSYoungGen      total 261120K, used 0K [0x000000076ab00000, 0x0000000785f80000, 0x00000007c0000000)
  eden space 257536K, 0% used [0x000000076ab00000,0x000000076ab00000,0x000000077a680000)
  from space 3584K, 0% used [0x000000077b280000,0x000000077b280000,0x000000077b600000)
  to   space 12288K, 0% used [0x000000077a680000,0x000000077a680000,0x000000077b280000)
 ParOldGen       total 161792K, used 16717K [0x00000006c0000000, 0x00000006c9e00000, 0x000000076ab00000)
  object space 161792K, 10% used [0x00000006c0000000,0x00000006c10536d8,0x00000006c9e00000)
 Metaspace       used 35101K, capacity 35321K, committed 35496K, reserved 1079296K
  class space    used 4718K, capacity 4808K, committed 4864K, reserved 1048576K
}
Event: 6.472 GC heap before
{Heap before GC invocations=9 (full 2):
 PSYoungGen      total 261120K, used 257536K [0x000000076ab00000, 0x0000000785f80000, 0x00000007c0000000)
  eden space 257536K, 100% used [0x000000076ab00000,0x000000077a680000,0x000000077a680000)
  from space 3584K, 0% used [0x000000077b280000,0x000000077b280000,0x000000077b600000)
  to   space 12288K, 0% used [0x000000077a680000,0x000000077a680000,0x000000077b280000)
 ParOldGen       total 161792K, used 16717K [0x00000006c0000000, 0x00000006c9e00000, 0x000000076ab00000)
  object space 161792K, 10% used [0x00000006c0000000,0x00000006c10536d8,0x00000006c9e00000)
 Metaspace       used 47150K, capacity 47403K, committed 47616K, reserved 1089536K
  class space    used 6499K, capacity 6571K, committed 6656K, reserved 1048576K
Event: 6.483 GC heap after
Heap after GC invocations=9 (full 2):
 PSYoungGen      total 269824K, used 12270K [0x000000076ab00000, 0x0000000782900000, 0x00000007c0000000)
  eden space 257536K, 0% used [0x000000076ab00000,0x000000076ab00000,0x000000077a680000)
  from space 12288K, 99% used [0x000000077a680000,0x000000077b27bad0,0x000000077b280000)
  to   space 15360K, 0% used [0x0000000781a00000,0x0000000781a00000,0x0000000782900000)
 ParOldGen       total 161792K, used 18880K [0x00000006c0000000, 0x00000006c9e00000, 0x000000076ab00000)
  object space 161792K, 11% used [0x00000006c0000000,0x00000006c12700d0,0x00000006c9e00000)
 Metaspace       used 47150K, capacity 47403K, committed 47616K, reserved 1089536K
  class space    used 6499K, capacity 6571K, committed 6656K, reserved 1048576K
}
Event: 8.099 GC heap before
{Heap before GC invocations=10 (full 2):
 PSYoungGen      total 269824K, used 262629K [0x000000076ab00000, 0x0000000782900000, 0x00000007c0000000)
  eden space 257536K, 97% used [0x000000076ab00000,0x0000000779f7dbb0,0x000000077a680000)
  from space 12288K, 99% used [0x000000077a680000,0x000000077b27bad0,0x000000077b280000)
  to   space 15360K, 0% used [0x0000000781a00000,0x0000000781a00000,0x0000000782900000)
 ParOldGen       total 161792K, used 18880K [0x00000006c0000000, 0x00000006c9e00000, 0x000000076ab00000)
  object space 161792K, 11% used [0x00000006c0000000,0x00000006c12700d0,0x00000006c9e00000)
 Metaspace       used 57792K, capacity 58531K, committed 58752K, reserved 1099776K
  class space    used 8084K, capacity 8254K, committed 8320K, reserved 1048576K
Event: 8.118 GC heap after
Heap after GC invocations=10 (full 2):
 PSYoungGen      total 365056K, used 15346K [0x000000076ab00000, 0x0000000784280000, 0x00000007c0000000)
  eden space 349696K, 0% used [0x000000076ab00000,0x000000076ab00000,0x0000000780080000)
  from space 15360K, 99% used [0x0000000781a00000,0x00000007828fca98,0x0000000782900000)
  to   space 26112K, 0% used [0x0000000780080000,0x0000000780080000,0x0000000781a00000)
 ParOldGen       total 161792K, used 38287K [0x00000006c0000000, 0x00000006c9e00000, 0x000000076ab00000)
  object space 161792K, 23% used [0x00000006c0000000,0x00000006c2563d98,0x00000006c9e00000)
 Metaspace       used 57792K, capacity 58531K, committed 58752K, reserved 1099776K
  class space    used 8084K, capacity 8254K, committed 8320K, reserved 1048576K
}
Event: 10.404 GC heap before
{Heap before GC invocations=11 (full 2):
 PSYoungGen      total 365056K, used 175060K [0x000000076ab00000, 0x0000000784280000, 0x00000007c0000000)
  eden space 349696K, 45% used [0x000000076ab00000,0x00000007746f8800,0x0000000780080000)
  from space 15360K, 99% used [0x0000000781a00000,0x00000007828fca98,0x0000000782900000)
  to   space 26112K, 0% used [0x0000000780080000,0x0000000780080000,0x0000000781a00000)
 ParOldGen       total 161792K, used 38287K [0x00000006c0000000, 0x00000006c9e00000, 0x000000076ab00000)
  object space 161792K, 23% used [0x00000006c0000000,0x00000006c2563d98,0x00000006c9e00000)
 Metaspace       used 58355K, capacity 59139K, committed 59160K, reserved 1099776K
  class space    used 8135K, capacity 8318K, committed 8320K, reserved 1048576K
Event: 10.427 GC heap after
Heap after GC invocations=11 (full 2):
 PSYoungGen      total 375808K, used 26089K [0x000000076ab00000, 0x0000000789e80000, 0x00000007c0000000)
  eden space 349696K, 0% used [0x000000076ab00000,0x000000076ab00000,0x0000000780080000)
  from space 26112K, 99% used [0x0000000780080000,0x00000007819fa7b0,0x0000000781a00000)
  to   space 37376K, 0% used [0x0000000787a00000,0x0000000787a00000,0x0000000789e80000)
 ParOldGen       total 161792K, used 55098K [0x00000006c0000000, 0x00000006c9e00000, 0x000000076ab00000)
  object space 161792K, 34% used [0x00000006c0000000,0x00000006c35ceaf8,0x00000006c9e00000)
 Metaspace       used 58355K, capacity 59139K, committed 59160K, reserved 1099776K
  class space    used 8135K, capacity 8318K, committed 8320K, reserved 1048576K
}
Event: 10.427 GC heap before
{Heap before GC invocations=12 (full 3):
 PSYoungGen      total 375808K, used 26089K [0x000000076ab00000, 0x0000000789e80000, 0x00000007c0000000)
  eden space 349696K, 0% used [0x000000076ab00000,0x000000076ab00000,0x0000000780080000)
  from space 26112K, 99% used [0x0000000780080000,0x00000007819fa7b0,0x0000000781a00000)
  to   space 37376K, 0% used [0x0000000787a00000,0x0000000787a00000,0x0000000789e80000)
 ParOldGen       total 161792K, used 55098K [0x00000006c0000000, 0x00000006c9e00000, 0x000000076ab00000)
  object space 161792K, 34% used [0x00000006c0000000,0x00000006c35ceaf8,0x00000006c9e00000)
 Metaspace       used 58355K, capacity 59139K, committed 59160K, reserved 1099776K
  class space    used 8135K, capacity 8318K, committed 8320K, reserved 1048576K
Event: 10.521 GC heap after
Heap after GC invocations=12 (full 3):
 PSYoungGen      total 375808K, used 0K [0x000000076ab00000, 0x0000000789e80000, 0x00000007c0000000)
  eden space 349696K, 0% used [0x000000076ab00000,0x000000076ab00000,0x0000000780080000)
  from space 26112K, 0% used [0x0000000780080000,0x0000000780080000,0x0000000781a00000)
  to   space 37376K, 0% used [0x0000000787a00000,0x0000000787a00000,0x0000000789e80000)
 ParOldGen       total 261632K, used 54296K [0x00000006c0000000, 0x00000006cff80000, 0x000000076ab00000)
  object space 261632K, 20% used [0x00000006c0000000,0x00000006c3506220,0x00000006cff80000)
 Metaspace       used 58231K, capacity 58899K, committed 59160K, reserved 1099776K
  class space    used 8111K, capacity 8276K, committed 8320K, reserved 1048576K
}

